<?xml version="1.0" encoding="UTF-8"?>
<testng-results skipped="0" failed="0" ignored="0" total="1" passed="1">
  <reporter-output>
  </reporter-output>
  <suite name="Default suite" duration-ms="94" started-at="2017-10-11T13:13:49Z" finished-at="2017-10-11T13:13:49Z">
    <groups>
    </groups>
    <test name="Default test" duration-ms="94" started-at="2017-10-11T13:13:49Z" finished-at="2017-10-11T13:13:49Z">
      <class name="cn.edu.demo.demo1.AppTest">
        <test-method status="PASS" signature="testApp()[pri:0, instance:cn.edu.demo.demo1.AppTest@6276ae34]" name="testApp" duration-ms="47" started-at="2017-10-11T21:13:49Z" finished-at="2017-10-11T21:13:49Z">
          <reporter-output>
          </reporter-output>
        </test-method> <!-- testApp -->
      </class> <!-- cn.edu.demo.demo1.AppTest -->
    </test> <!-- Default test -->
  </suite> <!-- Default suite -->
</testng-results>
